[2023-04-17T15:41:15] Optimize embedding extractor pipeline
[2023-04-17T12:17:37] Fix preprocessing memory leak
[2023-04-26T19:01:10] Clean up database handler code
[2023-04-26T11:20:01] Optimize model loader pipeline
[2023-04-28T13:45:28] Correct label encoder output format
[2023-05-04T08:55:27] Enhance label encoder accuracy
[2023-05-19T08:46:22] Reorganize bounding box renderer structure
[2023-05-22T19:21:17] Update README with model loader docs
[2023-05-30T17:23:48] Enhance database handler accuracy
[2023-05-30T09:55:24] Add support for bounding box renderer
[2023-05-30T14:50:27] Add inline comments to embedding extractor
[2023-06-06T19:25:32] Refactor recognition pipeline for clarity
[2023-06-06T19:17:21] Clean up preprocessing code
[2023-06-07T19:51:23] Add support for database handler
[2023-06-13T16:30:32] Update README with model loader docs
[2023-06-14T09:08:33] Remove deprecated model loader method
[2023-06-23T11:30:23] Reorganize label encoder structure
[2023-07-03T18:48:48] Enhance label encoder accuracy
[2023-07-27T15:18:13] Bump face detector dependencies
[2023-07-27T10:58:44] Introduce confidence threshold component
[2023-07-28T19:03:25] Correct face detector output format
[2023-07-28T15:46:28] Add face detector module
[2023-08-03T12:33:16] Add support for confidence threshold
[2023-08-04T14:57:16] Add docstrings to video capture
[2023-08-08T09:43:06] Fix face detector memory leak
[2023-08-08T12:34:41] Resolve issue with embedding extractor
[2023-08-09T17:50:32] Fix failing test in embedding extractor
[2023-08-11T08:46:43] Add docstrings to face detector
[2023-08-15T18:25:26] Increase test coverage for recognition pipeline
[2023-08-15T13:52:21] Add support for bounding box renderer
[2023-08-22T17:22:24] Increase test coverage for bounding box renderer
[2023-08-25T10:51:56] Implement label encoder functionality
[2023-08-31T09:41:10] Correct model loader output format
[2023-08-31T12:42:05] Resolve issue with video capture
[2023-09-05T09:33:41] Update model loader logic
[2023-09-06T17:26:29] Improve bounding box renderer performance
[2023-09-06T11:16:15] Bump confidence threshold dependencies
[2023-09-06T16:08:16] Clean up label encoder code
[2023-09-08T19:16:57] Document label encoder parameters
[2023-09-15T17:53:27] Fix model loader memory leak
[2023-09-15T15:59:57] Clean up face detector code
[2023-09-21T08:30:31] Reorganize confidence threshold structure
[2023-09-26T16:48:08] Fix edge case in video capture
[2023-09-26T12:29:56] Patch embedding extractor validation bug
[2023-09-28T18:55:40] Optimize model loader pipeline
[2023-10-05T11:02:47] Correct recognition pipeline output format
[2023-10-10T16:15:24] Add model loader module
[2023-10-12T13:35:27] Enhance embedding extractor accuracy
[2023-10-17T18:57:05] Introduce preprocessing component
[2023-10-17T16:22:15] Update preprocessing logic
[2023-10-17T18:45:12] Add inline comments to recognition pipeline
[2023-10-25T15:12:48] Refactor label encoder for clarity
[2023-10-30T16:59:37] Fix failing test in label encoder
[2023-10-30T08:11:54] Remove deprecated model loader method
[2023-10-31T12:39:27] Improve embedding extractor performance
[2023-11-01T11:15:31] Refactor recognition pipeline for clarity
[2023-11-16T11:18:03] Refactor model loader for clarity
[2023-11-21T18:10:15] Add bounding box renderer module
[2023-11-22T18:16:45] Fix failing test in label encoder
[2023-11-23T10:48:36] Fix failing test in label encoder
[2023-11-29T13:26:09] Fix edge case in database handler
[2023-11-29T15:10:49] Increase test coverage for confidence threshold
[2023-12-01T17:59:18] Correct bounding box renderer output format
[2023-12-05T13:43:37] Implement face detector functionality
[2023-12-05T13:00:18] Document embedding extractor parameters
[2023-12-08T15:42:25] Clean up recognition pipeline code
[2023-12-12T16:32:07] Optimize embedding extractor pipeline
[2023-12-13T13:27:06] Refactor recognition pipeline for clarity
[2023-12-13T09:28:20] Clean up preprocessing code
[2023-12-13T19:39:02] Add docstrings to bounding box renderer
[2023-12-19T14:14:08] Add unit tests for model loader
[2023-12-19T11:50:08] Fix edge case in bounding box renderer
[2023-12-27T11:26:18] Increase test coverage for database handler
[2023-12-27T15:37:53] Patch database handler validation bug
